DEBUG:root:Error Reason: 		EOF marker not found		 caused by: 	https://yosoyaccionista.santander.com/assets/pdf/articulos/pdf20191122141438.pdf
DEBUG:urllib3.connectionpool:Starting new HTTPS connection (1): www.santander.com:443
DEBUG:urllib3.connectionpool:https://www.santander.com:443 "GET /csgs/Satellite/CFWCSancomQP01/es_ES/pdf/presentacion_institucional_3t17_14112017.pdf HTTP/1.1" 301 0
DEBUG:urllib3.connectionpool:https://www.santander.com:443 "GET /content/dam/santander-com/es/documentos/presentacion-institucional/2017/PI-2017-PresentacionInstitucional9M17-es.pdf HTTP/1.1" 200 5495530
DEBUG:urllib3.connectionpool:Starting new HTTPS connection (1): www.santander.com:443
DEBUG:urllib3.connectionpool:https://www.santander.com:443 "GET /csgs/Satellite/CFWCSancomQP01/en_GB/H12018-Results.html HTTP/1.1" 301 0
DEBUG:urllib3.connectionpool:https://www.santander.com:443 "GET /content/dam/santander-com/en/documentos/historico-notas-de-prensa/2018/07/NP-2018-07-25-Santander%20attributable%20profit%20up%204%20in%20the%20first%20half%20of%202018%20to%203,752%20million%20euros,%20afte-en.pdf HTTP/1.1" 200 1062630
DEBUG:urllib3.connectionpool:Starting new HTTPS connection (1): www.santander.com:443
DEBUG:urllib3.connectionpool:https://www.santander.com:443 "GET /csgs/Satellite/CFWCSancomQP01/es_ES/pdf/Ana_Bot%C3%ADn_Annual_General_Shareholders_Meeting_speech.pdf HTTP/1.1" 404 13676
DEBUG:root:Error Reason: 		EOF marker not found		 caused by: 	https://www.santander.com/csgs/Satellite/CFWCSancomQP01/es_ES/pdf/Ana_Bot%C3%ADn_Annual_General_Shareholders_Meeting_speech.pdf
DEBUG:urllib3.connectionpool:Starting new HTTPS connection (1): www.santander.com:443
DEBUG:urllib3.connectionpool:https://www.santander.com:443 "GET /csgs/Satellite/CFWCSancomQP01/en_GB/pdf/Climate_Finance_report.pdf HTTP/1.1" 301 0
DEBUG:urllib3.connectionpool:https://www.santander.com:443 "GET /content/dam/santander-com/en/documentos/informe-anual-de-sostenibilidad/2017/IAS-2017-Climate%20Finance%20report-30-en.pdf HTTP/1.1" 200 4295724
DEBUG:urllib3.connectionpool:Starting new HTTPS connection (1): www.santander.com:443
DEBUG:urllib3.connectionpool:https://www.santander.com:443 "GET /csgs/Satellite/CFWCSancomQP01/en_GB/pdf/General_Code_of_Conduct_300518.pdf HTTP/1.1" 301 0
DEBUG:urllib3.connectionpool:https://www.santander.com:443 "GET /content/dam/santander-com/en/contenido-paginas/accionistas-e-inversores/gobierno-corporativo/c%C3%B3digo-de-conducta/do-General%20code%20of%20conduct.pdf HTTP/1.1" 200 307570
DEBUG:urllib3.connectionpool:Starting new HTTPS connection (1): www.santander.com:443
DEBUG:urllib3.connectionpool:https://www.santander.com:443 "GET /csgs/Satellite/CFWCSancomQP01/en_GB/pdf/Pillar_3_2017.pdf HTTP/1.1" 301 0
DEBUG:urllib3.connectionpool:https://www.santander.com:443 "GET /content/dam/santander-com/en/documentos/informe-con-relevancia-prudencial/2017/IRP-2017-Pillar%20III%202017-en.pdf HTTP/1.1" 200 5932569
DEBUG:urllib3.connectionpool:Starting new HTTP connection (1): www.santander.com:80
DEBUG:urllib3.connectionpool:http://www.santander.com:80 "GET /csgs/Satellite/CFWCSancomQP01/es_ES/pdf/UK_1Q15.pdf HTTP/1.1" 302 0
DEBUG:urllib3.connectionpool:Starting new HTTPS connection (1): www.santander.com:443
DEBUG:urllib3.connectionpool:https://www.santander.com:443 "GET /csgs/Satellite/CFWCSancomQP01/es_ES/pdf/UK_1Q15.pdf HTTP/1.1" 404 13676
DEBUG:root:Error Reason: 		EOF marker not found		 caused by: 	http://www.santander.com/csgs/Satellite/CFWCSancomQP01/es_ES/pdf/UK_1Q15.pdf
DEBUG:urllib3.connectionpool:Starting new HTTPS connection (1): www.santander.com:443
DEBUG:urllib3.connectionpool:https://www.santander.com:443 "GET /csgs/Satellite/CFWCSancomQP01/en_GB/pdf/6Carta_de_la_presidenta_2017_ENG.pdf HTTP/1.1" 301 0
DEBUG:urllib3.connectionpool:https://www.santander.com:443 "GET /content/dam/santander-com/en/documentos/informe-anual/2017/IA-2017-Chairman%27s%20letter-60-en.pdf HTTP/1.1" 200 152352
DEBUG:urllib3.connectionpool:Starting new HTTPS connection (1): www.santander.com:443
DEBUG:urllib3.connectionpool:https://www.santander.com:443 "GET /csgs/Satellite/CFWCSancomQP01/es_ES/pdf/Informe_de_sostenibilidad_2017_v2.pdf HTTP/1.1" 301 0
DEBUG:urllib3.connectionpool:https://www.santander.com:443 "GET /content/dam/santander-com/es/documentos/junta-general-de-accionistas/23-03-18/JGA-2018-03-23-Informe%20de%20sostenibilidad-220-es.pdf HTTP/1.1" 200 3562801
DEBUG:urllib3.connectionpool:Starting new HTTPS connection (1): www.santander.com:443
DEBUG:urllib3.connectionpool:https://www.santander.com:443 "GET /csgs/Satellite/CFWCSancomQP01/en_GB/pdf/Institutional_Presentation_Q118_170518.pdf HTTP/1.1" 301 0
DEBUG:urllib3.connectionpool:https://www.santander.com:443 "GET /content/dam/santander-com/en/documentos/presentacion-institucional/2018/PI-2018-Institutional-presentation-Q1'18-en.pdf HTTP/1.1" 200 5735814
DEBUG:urllib3.connectionpool:Starting new HTTPS connection (1): www.santander.com:443
DEBUG:urllib3.connectionpool:https://www.santander.com:443 "GET /csgs/Satellite/CFWCSancomQP01/en_GB/pdf/valoresmobedetidosconsolidada_br_09042018_en.pdf HTTP/1.1" 404 13676
DEBUG:root:Error Reason: 		EOF marker not found		 caused by: 	https://www.santander.com/csgs/Satellite/CFWCSancomQP01/en_GB/pdf/valoresmobedetidosconsolidada_br_09042018_en.pdf
DEBUG:urllib3.connectionpool:Starting new HTTPS connection (1): www.santander.com:443
DEBUG:urllib3.connectionpool:https://www.santander.com:443 "GET /csgs/Satellite/CFWCSancomQP01/pt_PT/pdf/HR_PRESENTACION_RESULTADOS_3T_2019_ENG.pdf HTTP/1.1" 301 0
DEBUG:urllib3.connectionpool:https://www.santander.com:443 "GET / HTTP/1.1" 302 0
DEBUG:urllib3.connectionpool:https://www.santander.com:443 "GET /en/home HTTP/1.1" 200 19788
DEBUG:root:Error Reason: 		EOF marker not found		 caused by: 	https://www.santander.com/csgs/Satellite/CFWCSancomQP01/pt_PT/pdf/HR_PRESENTACION_RESULTADOS_3T_2019_ENG.pdf
DEBUG:urllib3.connectionpool:Starting new HTTP connection (1): www.santander.com:80
DEBUG:urllib3.connectionpool:http://www.santander.com:80 "GET /csgs/Satellite/CFWCSancomQP01/es_ES/pdf/1InformativePropectus.pdf HTTP/1.1" 302 0
DEBUG:urllib3.connectionpool:Starting new HTTPS connection (1): www.santander.com:443
DEBUG:urllib3.connectionpool:https://www.santander.com:443 "GET /csgs/Satellite/CFWCSancomQP01/es_ES/pdf/1InformativePropectus.pdf HTTP/1.1" 404 13676
DEBUG:root:Error Reason: 		EOF marker not found		 caused by: 	http://www.santander.com/csgs/Satellite/CFWCSancomQP01/es_ES/pdf/1InformativePropectus.pdf
DEBUG:urllib3.connectionpool:Starting new HTTPS connection (1): www.santander.com:443
DEBUG:urllib3.connectionpool:https://www.santander.com:443 "GET /csgs/Satellite/CFWCSancomQP01/pt_PT/pdf/1_lucro_ou_prejuizo_16102017_pt.pdf HTTP/1.1" 301 0
DEBUG:urllib3.connectionpool:https://www.santander.com:443 "GET / HTTP/1.1" 302 0
DEBUG:urllib3.connectionpool:https://www.santander.com:443 "GET /en/home HTTP/1.1" 200 19788
DEBUG:root:Error Reason: 		EOF marker not found		 caused by: 	https://www.santander.com/csgs/Satellite/CFWCSancomQP01/pt_PT/pdf/1_lucro_ou_prejuizo_16102017_pt.pdf
DEBUG:urllib3.connectionpool:Starting new HTTPS connection (1): www.santander.com:443
DEBUG:urllib3.connectionpool:https://www.santander.com:443 "GET /csgs/Satellite/CFWCSancomQP01/en_GB/UEFA-Champions-League.html HTTP/1.1" 301 0
DEBUG:urllib3.connectionpool:https://www.santander.com:443 "GET /content/dam/santander-com/en/documentos/historico-notas-de-prensa/2018/08/NP-2018-08-30-Santander%20signs%20Ronaldo%20as%20global%20ambassador%20for%20their%20UEFA%20Champions%20League%20sponsorship%20-en.pdf HTTP/1.1" 200 261759
DEBUG:urllib3.connectionpool:Starting new HTTPS connection (1): www.santander.com:443
DEBUG:urllib3.connectionpool:https://www.santander.com:443 "GET /csgs/Satellite/CFWCSancomQP01/en_GB/pdf/1_HR_InfoRelativasProgramaRemuneracaoAcionistas_171018_en.pdf HTTP/1.1" 404 13676
DEBUG:root:Error Reason: 		EOF marker not found		 caused by: 	https://www.santander.com/csgs/Satellite/CFWCSancomQP01/en_GB/pdf/1_HR_InfoRelativasProgramaRemuneracaoAcionistas_171018_en.pdf
DEBUG:urllib3.connectionpool:Starting new HTTPS connection (1): www.santander.com:443
DEBUG:urllib3.connectionpool:https://www.santander.com:443 "GET /csgs/Satellite/CFWCSancomQP01/es_ES/Corporativo/Presentacion-de-Resultados-1T2018 HTTP/1.1" 301 0
DEBUG:urllib3.connectionpool:https://www.santander.com:443 "GET /content/dam/santander-com/es/documentos/historico-notas-de-prensa/2018/04/NP-2018-04-24-Santander%20obtiene%20un%20beneficio%20atribuido%20de%202.054%20millones%20en%20el%20primer%20trimestre,%20un%2010%20-es.pdf HTTP/1.1" 200 588606
DEBUG:urllib3.connectionpool:Starting new HTTPS connection (1): www.santander.com:443
DEBUG:urllib3.connectionpool:https://www.santander.com:443 "GET /content/dam/santander-com/es/documentos/programas/documentos-programas/PR-Folleto%20base%20Santander%20Estructurados-es.pdf HTTP/1.1" 200 703945
DEBUG:urllib3.connectionpool:Starting new HTTPS connection (1): www.santander.com:443
DEBUG:urllib3.connectionpool:https://www.santander.com:443 "GET /content/dam/santander-com/es/documentos/emisiones/documentos/em-ES0413900525-CH,%20Serie%20P007,%20Octubre%202022.pdf HTTP/1.1" 200 417630
DEBUG:urllib3.connectionpool:Starting new HTTPS connection (1): www.santander.com:443
DEBUG:urllib3.connectionpool:https://www.santander.com:443 "GET /content/dam/santander-com/en/documentos/emisiones/documentos/em-ES0313900401-BI,%20Serie%20003,%20March%202016.pdf HTTP/1.1" 200 248960
DEBUG:urllib3.connectionpool:Starting new HTTPS connection (1): www.santander.com:443
DEBUG:urllib3.connectionpool:https://www.santander.com:443 "GET /content/dam/santander-com/es/documentos/marca-santander/Guia_Marca_060520_es.pdf HTTP/1.1" 200 212103
DEBUG:urllib3.connectionpool:Starting new HTTPS connection (1): www.santander.com:443
DEBUG:urllib3.connectionpool:https://www.santander.com:443 "GET /csgs/Satellite/CFWCSancomQP01/en_GB/Press-room/2018-Results-presentation.html HTTP/1.1" 301 0
DEBUG:urllib3.connectionpool:https://www.santander.com:443 "GET /content/dam/santander-com/en/documentos/historico-notas-de-prensa/2019/01/NP-2019-01-30-Santander%20attributable%20profit%20for%202018%20reaches%20EUR%207,810%20million%20-%20up%2018%20-en.pdf HTTP/1.1" 200 850732
DEBUG:urllib3.connectionpool:Starting new HTTPS connection (1): www.santander.com:443
DEBUG:urllib3.connectionpool:https://www.santander.com:443 "GET /csgs/Satellite/CFWCSancomQP01/es_ES/IV-Encuentro-Internacional-de-Rectores-Universia- HTTP/1.1" 301 0
DEBUG:urllib3.connectionpool:https://www.santander.com:443 "GET /content/dam/santander-com/es/documentos/historico-notas-de-prensa/2018/05/NP-2018-05-21-Ana%20Bot%C3%ADn%20Debemos%20fomentar%20una%20educaci%C3%B3n%20superior%20abierta,%20que%20promueva%20valores%20universa-es.pdf HTTP/1.1" 200 394719
DEBUG:urllib3.connectionpool:Starting new HTTPS connection (1): www.santander.com:443
DEBUG:urllib3.connectionpool:https://www.santander.com:443 "GET /csgs/Satellite/CFWCSancomQP01/es_ES/X-Convocatoria-Proyectos-Sociales-2018.html HTTP/1.1" 301 0
DEBUG:urllib3.connectionpool:https://www.santander.com:443 "GET /content/dam/santander-com/es/documentos/historico-notas-de-prensa/2018/05/NP-2018-05-07-Banco%20Santander%20celebra%20la%20X%20Convocatoria%20de%20Proyectos%20Sociales%20Euros%20de%20tu%20N%C3%B3mina,%20un%20p-es.pdf HTTP/1.1" 200 353196
DEBUG:urllib3.connectionpool:Starting new HTTPS connection (1): www.santander.com:443
DEBUG:urllib3.connectionpool:https://www.santander.com:443 "GET /content/dam/santander-com/es/documentos/marca-santander/Guia_Marca_Santander_ES.pdf HTTP/1.1" 200 256770
DEBUG:urllib3.connectionpool:Starting new HTTPS connection (1): www.santander.com:443
DEBUG:urllib3.connectionpool:https://www.santander.com:443 "GET /content/dam/santander-com/es/documentos/emisiones/documentos/em-XS2298304499-7-anos-fixed-rate-senior-preferred-02-28-sp-101-es.pdf HTTP/1.1" 200 104911
DEBUG:urllib3.connectionpool:Starting new HTTPS connection (1): www.santander.com:443
DEBUG:urllib3.connectionpool:https://www.santander.com:443 "GET /content/dam/santander-com/es/documentos/otra-informacion-relevante/2020/02/hr-2020-02-29-informe-anual-de-gobierno-corporativo-del-ejercicio-2019-es.pdf HTTP/1.1" 200 9443832
DEBUG:urllib3.connectionpool:Starting new HTTPS connection (1): www.santander.com:443
DEBUG:urllib3.connectionpool:https://www.santander.com:443 "GET /content/dam/santander-com/es/documentos/emisiones/documentos/em-0305466072-kid.pdf HTTP/1.1" 200 171244
DEBUG:urllib3.connectionpool:Starting new HTTPS connection (1): www.santander.com:443
DEBUG:urllib3.connectionpool:https://www.santander.com:443 "GET /csgs/Satellite/CFWCSancomQP01/en_GB/Press-room/11th-Call-for-Social-Projects-2019 HTTP/1.1" 301 0
DEBUG:urllib3.connectionpool:https://www.santander.com:443 "GET /content/dam/santander-com/en/documentos/historico-notas-de-prensa/2019/05/NP-2019-05-20-Her%20Majesty%20Queen%20Letizia%20and%20Ana%20Bot%C3%ADn%20present%20Santander's11th%20Social%20Projects%20awards-en.pdf HTTP/1.1" 200 384453
DEBUG:urllib3.connectionpool:Starting new HTTPS connection (1): www.santander.com:443
DEBUG:urllib3.connectionpool:https://www.santander.com:443 "GET /content/dam/santander-com/es/documentos/programas/documentos-programas/PR-ES06139091Q7-es.pdf HTTP/1.1" 200 114781
DEBUG:urllib3.connectionpool:Starting new HTTPS connection (1): www.santander.com:443
DEBUG:urllib3.connectionpool:https://www.santander.com:443 "GET /content/dam/santander-com/es/documentos/cierre-de-mercados/2021/05/CM20210520.pdf HTTP/1.1" 200 144364
DEBUG:urllib3.connectionpool:Starting new HTTPS connection (1): www.santander.com:443
DEBUG:urllib3.connectionpool:https://www.santander.com:443 "GET /content/dam/santander-com/es/documentos/programas/documentos-programas/PR-ES06139095I5-es.pdf HTTP/1.1" 200 114529
DEBUG:urllib3.connectionpool:Starting new HTTPS connection (1): www.santander.com:443
DEBUG:urllib3.connectionpool:https://www.santander.com:443 "GET /content/dam/santander-com/es/documentos/cierre-de-mercados/2021/01/CM20210128.pdf HTTP/1.1" 200 140128
DEBUG:urllib3.connectionpool:Starting new HTTPS connection (1): www.santander.com:443
DEBUG:urllib3.connectionpool:https://www.santander.com:443 "GET /content/dam/santander-com/es/documentos/programas/documentos-programas/PR-ES06139098W0-es.pdf HTTP/1.1" 200 114130
DEBUG:urllib3.connectionpool:Starting new HTTPS connection (1): www.santander.com:443
